#
# There is insufficient memory for the Java Runtime Environment to continue.
# Native memory allocation (malloc) failed to allocate 1048576 bytes for AllocateHeap
# Possible reasons:
#   The system is out of physical RAM or swap space
#   The process is running with CompressedOops enabled, and the Java Heap may be blocking the growth of the native heap
# Possible solutions:
#   Reduce memory load on the system
#   Increase physical memory or swap space
#   Check if swap backing store is full
#   Decrease Java heap size (-Xmx/-Xms)
#   Decrease number of Java threads
#   Decrease Java thread stack sizes (-Xss)
#   Set larger code cache with -XX:ReservedCodeCacheSize=
#   JVM is running with Unscaled Compressed Oops mode in which the Java heap is
#     placed in the first 4GB address space. The Java Heap base address is the
#     maximum limit for the native heap growth. Please use -XX:HeapBaseMinAddress
#     to set the Java Heap base and to place the Java Heap above 4GB virtual address.
# This output file may be truncated or incomplete.
#
#  Out of Memory Error (memory/allocation.inline.hpp:61), pid=22868, tid=0x0000000000006ec8
#
# JRE version:  (8.0_201-b09) (build )
# Java VM: Java HotSpot(TM) 64-Bit Server VM (25.201-b09 mixed mode windows-amd64 compressed oops)
# Failed to write core dump. Minidumps are not enabled by default on client versions of Windows
#

---------------  T H R E A D  ---------------

Current thread (0x0000000002974000):  JavaThread "Unknown thread" [_thread_in_vm, id=28360, stack(0x0000000002730000,0x0000000002830000)]

Stack: [0x0000000002730000,0x0000000002830000]
[error occurred during error reporting (printing stack bounds), id 0xc0000005]

Native frames: (J=compiled Java code, j=interpreted, Vv=VM code, C=native code)


---------------  P R O C E S S  ---------------

Java Threads: ( => current thread )

Other Threads:

=>0x0000000002974000 (exited) JavaThread "Unknown thread" [_thread_in_vm, id=28360, stack(0x0000000002730000,0x0000000002830000)]

VM state:not at safepoint (normal execution)

VM Mutex/Monitor currently owned by a thread: None

heap address: 0x0000000088e00000, size: 1906 MB, Compressed Oops mode: 32-bit
Narrow klass base: 0x0000000000000000, Narrow klass shift: 3
Compressed class space size: 1073741824 Address: 0x0000000100000000

Heap:
 PSYoungGen      total 35840K, used 614K [0x00000000d8500000, 0x00000000dad00000, 0x0000000100000000)
  eden space 30720K, 2% used [0x00000000d8500000,0x00000000d85999a8,0x00000000da300000)
  from space 5120K, 0% used [0x00000000da800000,0x00000000da800000,0x00000000dad00000)
  to   space 5120K, 0% used [0x00000000da300000,0x00000000da300000,0x00000000da800000)
 ParOldGen       total 81920K, used 0K [0x0000000088e00000, 0x000000008de00000, 0x00000000d8500000)
  object space 81920K, 0% used [0x0000000088e00000,0x0000000088e00000,0x000000008de00000)
 Metaspace       used 775K, capacity 4480K, committed 4480K, reserved 1056768K
  class space    used 76K, capacity 384K, committed 384K, reserved 1048576K

Card table byte_map: [0x0000000011e30000,0x00000000121f0000] byte_map_base: 0x00000000119e9000

Marking Bits: (ParMarkBitMap*) 0x00000000528a4ce0
 Begin Bits: [0x0000000012870000, 0x0000000014638000)
 End Bits:   [0x0000000014638000, 0x0000000016400000)

Polling page: 0x00000000026e0000

CodeCache: size=245760Kb used=328Kb max_used=328Kb free=245431Kb
 bounds [0x0000000002a70000, 0x0000000002ce0000, 0x0000000011a70000]
 total_blobs=58 nmethods=0 adapters=38
 compilation: enabled

Compilation events (0 events):
No events

GC Heap History (0 events):
No events

Deoptimization events (0 events):
No events

Classes redefined (0 events):
No events

Internal exceptions (0 events):
No events

Events (10 events):
Event: 0.036 loading class java/lang/Short
Event: 0.036 loading class java/lang/Short done
Event: 0.036 loading class java/lang/Integer
Event: 0.036 loading class java/lang/Integer done
Event: 0.036 loading class java/lang/Long
Event: 0.036 loading class java/lang/Long done
Event: 0.037 loading class java/lang/NullPointerException
Event: 0.037 loading class java/lang/NullPointerException done
Event: 0.037 loading class java/lang/ArithmeticException
Event: 0.037 loading class java/lang/ArithmeticException done


Dynamic libraries:
0x00007ff72a1d0000 - 0x00007ff72a207000 	E:\Program Files\Java\jdk1.8.0_201\bin\java.exe
0x00007ffd3bec0000 - 0x00007ffd3c0b0000 	C:\WINDOWS\SYSTEM32\ntdll.dll
0x00007ffd3b9d0000 - 0x00007ffd3ba82000 	C:\WINDOWS\System32\KERNEL32.DLL
0x00007ffd39b90000 - 0x00007ffd39e34000 	C:\WINDOWS\System32\KERNELBASE.dll
0x00007ffd3aec0000 - 0x00007ffd3af63000 	C:\WINDOWS\System32\ADVAPI32.dll
0x00007ffd3acf0000 - 0x00007ffd3ad8e000 	C:\WINDOWS\System32\msvcrt.dll
0x00007ffd3b7f0000 - 0x00007ffd3b887000 	C:\WINDOWS\System32\sechost.dll
0x00007ffd3abd0000 - 0x00007ffd3acf0000 	C:\WINDOWS\System32\RPCRT4.dll
0x00007ffd3bbc0000 - 0x00007ffd3bd54000 	C:\WINDOWS\System32\USER32.dll
0x00007ffd39010000 - 0x00007ffd39031000 	C:\WINDOWS\System32\win32u.dll
0x00007ffd3bd60000 - 0x00007ffd3bd86000 	C:\WINDOWS\System32\GDI32.dll
0x00007ffd38e50000 - 0x00007ffd38fe5000 	C:\WINDOWS\System32\gdi32full.dll
0x00007ffd39370000 - 0x00007ffd3940e000 	C:\WINDOWS\System32\msvcp_win.dll
0x00007ffd39270000 - 0x00007ffd3936a000 	C:\WINDOWS\System32\ucrtbase.dll
0x00007ffd206e0000 - 0x00007ffd20964000 	C:\WINDOWS\WinSxS\amd64_microsoft.windows.common-controls_6595b64144ccf1df_6.0.18362.900_none_e6beb9d913147d17\COMCTL32.dll
0x00007ffd39f80000 - 0x00007ffd3a2b5000 	C:\WINDOWS\System32\combase.dll
0x00007ffd39ef0000 - 0x00007ffd39f70000 	C:\WINDOWS\System32\bcryptPrimitives.dll
0x00007ffd3b540000 - 0x00007ffd3b56e000 	C:\WINDOWS\System32\IMM32.DLL
0x0000000053c60000 - 0x0000000053d31000 	E:\Program Files\Java\jdk1.8.0_201\jre\bin\msvcr100.dll
0x0000000052080000 - 0x0000000052924000 	E:\Program Files\Java\jdk1.8.0_201\jre\bin\server\jvm.dll
0x00007ffd3b530000 - 0x00007ffd3b538000 	C:\WINDOWS\System32\PSAPI.DLL
0x00007ffd35330000 - 0x00007ffd35354000 	C:\WINDOWS\SYSTEM32\WINMM.dll
0x00007ffd267d0000 - 0x00007ffd267d9000 	C:\WINDOWS\SYSTEM32\WSOCK32.dll
0x00007ffd3ae50000 - 0x00007ffd3aebf000 	C:\WINDOWS\System32\WS2_32.dll
0x00007ffd35300000 - 0x00007ffd3532d000 	C:\WINDOWS\SYSTEM32\WINMMBASE.dll
0x00007ffd39220000 - 0x00007ffd3926a000 	C:\WINDOWS\System32\cfgmgr32.dll
0x00007ffd38970000 - 0x00007ffd3897a000 	C:\WINDOWS\SYSTEM32\VERSION.dll
0x00007ffd302c0000 - 0x00007ffd302cf000 	E:\Program Files\Java\jdk1.8.0_201\jre\bin\verify.dll
0x00007ffd1df40000 - 0x00007ffd1df69000 	E:\Program Files\Java\jdk1.8.0_201\jre\bin\java.dll
0x00007ffd340e0000 - 0x00007ffd34103000 	E:\Program Files\Java\jdk1.8.0_201\jre\bin\instrument.dll
0x00007ffd230c0000 - 0x00007ffd230d6000 	E:\Program Files\Java\jdk1.8.0_201\jre\bin\zip.dll

VM Arguments:
jvm_args: -ea -Didea.test.cyclic.buffer.size=1048576 -javaagent:E:\JetBrains\IntelliJ IDEA 2017.3.4\lib\idea_rt.jar=38323:E:\JetBrains\IntelliJ IDEA 2017.3.4\bin -Dfile.encoding=UTF-8 
java_command: com.intellij.rt.execution.junit.JUnitStarter -ideVersion5 -junit4 com.atguigu.mybatis.test.MyBatisTest,test01
java_class_path (initial): E:\JetBrains\IntelliJ IDEA 2017.3.4\lib\idea_rt.jar;E:\JetBrains\IntelliJ IDEA 2017.3.4\plugins\junit\lib\junit-rt.jar;E:\JetBrains\IntelliJ IDEA 2017.3.4\plugins\junit\lib\junit5-rt.jar;E:\Program Files\Java\jdk1.8.0_201\jre\lib\charsets.jar;E:\Program Files\Java\jdk1.8.0_201\jre\lib\deploy.jar;E:\Program Files\Java\jdk1.8.0_201\jre\lib\ext\access-bridge-64.jar;E:\Program Files\Java\jdk1.8.0_201\jre\lib\ext\cldrdata.jar;E:\Program Files\Java\jdk1.8.0_201\jre\lib\ext\dnsns.jar;E:\Program Files\Java\jdk1.8.0_201\jre\lib\ext\jaccess.jar;E:\Program Files\Java\jdk1.8.0_201\jre\lib\ext\jfxrt.jar;E:\Program Files\Java\jdk1.8.0_201\jre\lib\ext\localedata.jar;E:\Program Files\Java\jdk1.8.0_201\jre\lib\ext\nashorn.jar;E:\Program Files\Java\jdk1.8.0_201\jre\lib\ext\sunec.jar;E:\Program Files\Java\jdk1.8.0_201\jre\lib\ext\sunjce_provider.jar;E:\Program Files\Java\jdk1.8.0_201\jre\lib\ext\sunmscapi.jar;E:\Program Files\Java\jdk1.8.0_201\jre\lib\ext\sunpkcs11.jar;E:\Program Files\Java\jdk1.8.0_201\jre\lib\ext\zipfs.jar;E:\Program Files\Java\jdk1.8.0_201\jre\lib\javaws.jar;E:\Program Files\Java\jdk1.8.0_201\jre\lib\jce.jar;E:\Program Files\Java\jdk1.8.0_201\jre\lib\jfr.jar;E:\Program Files\Java\jdk1.8.0_201\jre\lib\jfxswt.jar;E:\Program Files\Java\jdk1.8.0_201\jre\lib\jsse.jar;E:\Program Files\Java\jdk1.8.0_201\jre\lib\management-agent.jar;E:\Program Files\Java\jdk1.8.0_201\jre\lib\plugin.jar;E:\Program Files\Java\jdk1.8.0_201\jre\lib\resources.jar;E:\Program Files\Java\jdk1.8.0_201\jre\lib\rt.jar;E:\IdeaProjects\Mybatis-Demo\out\production\MyBatis_01_HelloWorld;E:\IdeaProjects\Mybatis-Demo\MyBatis_01_HelloWorld\lib\log4j.jar;E:\IdeaProjects\Mybatis-Demo\MyBatis_01_HelloWorld\lib\mybatis-3.4.1.jar;E:\IdeaProjects\Mybatis-Demo\MyBatis_01_HelloWorld\lib\mysql-connector-java-5.1.37-bin.jar;E:\IdeaProjects\Mybatis-Demo\MyBatis_01_HelloWorld\lib\junit-4.1.jar;E:\JetBrains\IntelliJ IDEA 2017.3.4\lib\idea_rt.jar
Launcher Type: SUN_STANDARD

Environment Variables:
JAVA_HOME=E:\Program Files\Java\jdk1.8.0_201
CLASSPATH=.;E:\Program Files\Java\jdk1.8.0_201\lib\dt.jar;E:\Program Files\Java\jdk1.8.0_201\lib\tools.jar;
PATH=C:\Program Files (x86)\Common Files\Oracle\Java\javapath;D:\oracle11G\product\11.2.0\dbhome_1\bin;"C:\Program Files (x86)\Intel\Intel(R) Management Engine Components\iCLS\;";C:\Program Files\Intel\Intel(R) Management Engine Components\iCLS\;C:\WINDOWS\system32;C:\WINDOWS;C:\WINDOWS\System32\Wbem;C:\WINDOWS\System32\WindowsPowerShell\v1.0\;C:\WINDOWS\System32\OpenSSH\;C:\Program Files (x86)\Intel\Intel(R) Management Engine Components\DAL;C:\Program Files\Intel\Intel(R) Management Engine Components\DAL;C:\Program Files (x86)\Intel\Intel(R) Management Engine Components\IPT;C:\Program Files\Intel\Intel(R) Management Engine Components\IPT;E:\Program Files\Java\jdk1.8.0_201\bin;E:\Program Files\Java\jdk1.8.0_201\jre\bin;E:\develop\apache-maven-3.5.2\bin;E:\mysql 5.5\bin;G:\hadoop-2.6.0-cdh5.14.0\bin;E:\develop\scala-2.11.8\bin;C:\Program Files\Microsoft\Web Platform Installer\;C:\Program Files (x86)\Microsoft ASP.NET\ASP.NET Web Pages\v1.0\;C:\Program Files (x86)\Windows Kits\8.0\Windows Performance Toolkit\;C:\Program Files\Microsoft SQL Server\110\Tools\Binn\;E:\Program Files\VisualSVN Server\bin;C:\Program Files\TortoiseSVN\bin;E:\Program Files\Git\cmd;E:\Git\cmd;C:\Program Files (x86)\Microsoft SQL Server\100\Tools\Binn\;C:\Program Files\Microsoft SQL Server\100\Tools\Binn\;C:\Program Files\Microsoft SQL Server\100\DTS\Binn\;C:\Program Files (x86)\Microsoft SQL Server\100\Tools\Binn\VSShell\Common7\IDE\;C:\Program Files (x86)\Microsoft SQL Server\100\DTS\Binn\;C:\Program Files (x86)\Microsoft Visual Studio 9.0\Common7\IDE\PrivateAssemblies\;E:\develop\node.js\;E:\develop\elasticsearch-6.4.3\bin;C:\Users\李向阳\AppData\Local\Microsoft\WindowsApps;E:\Program Files\Java\jdk1.8.0_201\bin;C:\Users\李向阳\AppData\Local\Microsoft\WindowsApps;E:\develop\redis-64.3.0.503;E:\develop\node.js\node_global;%M2_HOME%\bin;E:\develop\apache-maven-3.5.2\bin;
USERNAME=李向阳
OS=Windows_NT
PROCESSOR_IDENTIFIER=Intel64 Family 6 Model 142 Stepping 9, GenuineIntel



---------------  S Y S T E M  ---------------

OS: Windows 10.0 , 64 bit Build 18362 (10.0.18362.900)

CPU:total 4 (initial active 4) (2 cores per cpu, 2 threads per core) family 6 model 142 stepping 9, cmov, cx8, fxsr, mmx, sse, sse2, sse3, ssse3, sse4.1, sse4.2, popcnt, avx, avx2, aes, clmul, erms, 3dnowpref, lzcnt, ht, tsc, tscinvbit, bmi1, bmi2, adx

Memory: 4k page, physical 7800256k(564696k free), swap 23266108k(1508k free)

vm_info: Java HotSpot(TM) 64-Bit Server VM (25.201-b09) for windows-amd64 JRE (1.8.0_201-b09), built on Dec 15 2018 18:36:39 by "java_re" with MS VC++ 10.0 (VS2010)

time: Sun Oct 25 21:30:53 2020
timezone: 中国标准时间
elapsed time: 0 seconds (0d 0h 0m 0s)

