#
# There is insufficient memory for the Java Runtime Environment to continue.
# Native memory allocation (malloc) failed to allocate 65552 bytes for Chunk::new
# Possible reasons:
#   The system is out of physical RAM or swap space
#   The process is running with CompressedOops enabled, and the Java Heap may be blocking the growth of the native heap
# Possible solutions:
#   Reduce memory load on the system
#   Increase physical memory or swap space
#   Check if swap backing store is full
#   Decrease Java heap size (-Xmx/-Xms)
#   Decrease number of Java threads
#   Decrease Java thread stack sizes (-Xss)
#   Set larger code cache with -XX:ReservedCodeCacheSize=
#   JVM is running with Unscaled Compressed Oops mode in which the Java heap is
#     placed in the first 4GB address space. The Java Heap base address is the
#     maximum limit for the native heap growth. Please use -XX:HeapBaseMinAddress
#     to set the Java Heap base and to place the Java Heap above 4GB virtual address.
# This output file may be truncated or incomplete.
#
#  Out of Memory Error (allocation.cpp:390), pid=31424, tid=0x0000000000005af4
#
# JRE version: Java(TM) SE Runtime Environment (8.0_201-b09) (build 1.8.0_201-b09)
# Java VM: Java HotSpot(TM) 64-Bit Server VM (25.201-b09 mixed mode windows-amd64 compressed oops)
# Failed to write core dump. Minidumps are not enabled by default on client versions of Windows
#

---------------  T H R E A D  ---------------

Current thread (0x0000000018c2e000):  JavaThread "C2 CompilerThread0" daemon [_thread_in_native, id=23284, stack(0x0000000019300000,0x0000000019400000)]

Stack: [0x0000000019300000,0x0000000019400000]
[error occurred during error reporting (printing stack bounds), id 0xc0000005]

Native frames: (J=compiled Java code, j=interpreted, Vv=VM code, C=native code)


Current CompileTask:
C2:  16938 4061   !   4       org.apache.catalina.startup.ContextConfig::checkHandlesTypes (453 bytes)


---------------  P R O C E S S  ---------------

Java Threads: ( => current thread )
  0x0000000018d55800 JavaThread "localhost-startStop-1" daemon [_thread_in_native, id=42948, stack(0x000000001efc0000,0x000000001f0c0000)]
  0x0000000018fbe000 JavaThread "Tomcat-startStop-1" daemon [_thread_blocked, id=32804, stack(0x000000001eec0000,0x000000001efc0000)]
  0x0000000018cab000 JavaThread "Service Thread" daemon [_thread_blocked, id=42428, stack(0x0000000019600000,0x0000000019700000)]
  0x0000000018c33000 JavaThread "C1 CompilerThread2" daemon [_thread_blocked, id=29408, stack(0x0000000019500000,0x0000000019600000)]
  0x0000000018c31000 JavaThread "C2 CompilerThread1" daemon [_thread_in_native, id=45240, stack(0x0000000019400000,0x0000000019500000)]
=>0x0000000018c2e000 JavaThread "C2 CompilerThread0" daemon [_thread_in_native, id=23284, stack(0x0000000019300000,0x0000000019400000)]
  0x0000000018c23000 JavaThread "Monitor Ctrl-Break" daemon [_thread_in_native, id=22940, stack(0x0000000019200000,0x0000000019300000)]
  0x0000000017840800 JavaThread "Attach Listener" daemon [_thread_blocked, id=37132, stack(0x0000000019100000,0x0000000019200000)]
  0x0000000018c08800 JavaThread "Signal Dispatcher" daemon [_thread_blocked, id=40208, stack(0x0000000019000000,0x0000000019100000)]
  0x000000000313c000 JavaThread "Finalizer" daemon [_thread_blocked, id=9876, stack(0x0000000018aa0000,0x0000000018ba0000)]
  0x0000000003133000 JavaThread "Reference Handler" daemon [_thread_blocked, id=21940, stack(0x00000000189a0000,0x0000000018aa0000)]
  0x0000000002f3e800 JavaThread "main" [_thread_blocked, id=32268, stack(0x0000000002de0000,0x0000000002ee0000)]

Other Threads:
  0x00000000177f8000 VMThread [stack: 0x00000000188a0000,0x00000000189a0000] [id=34420]
  0x0000000018cae800 WatcherThread [stack: 0x0000000019700000,0x0000000019800000] [id=39520]

VM state:not at safepoint (normal execution)

VM Mutex/Monitor currently owned by a thread: None

heap address: 0x0000000088e00000, size: 1906 MB, Compressed Oops mode: 32-bit
Narrow klass base: 0x0000000000000000, Narrow klass shift: 3
Compressed class space size: 1073741824 Address: 0x0000000100000000

Heap:
 PSYoungGen      total 296448K, used 4828K [0x00000000d8500000, 0x00000000eda80000, 0x0000000100000000)
  eden space 264704K, 1% used [0x00000000d8500000,0x00000000d89b72a8,0x00000000e8780000)
  from space 31744K, 0% used [0x00000000eae00000,0x00000000eae00000,0x00000000ecd00000)
  to   space 39424K, 0% used [0x00000000e8780000,0x00000000e8780000,0x00000000eae00000)
 ParOldGen       total 64512K, used 49748K [0x0000000088e00000, 0x000000008cd00000, 0x00000000d8500000)
  object space 64512K, 77% used [0x0000000088e00000,0x000000008be951b0,0x000000008cd00000)
 Metaspace       used 24027K, capacity 24624K, committed 24832K, reserved 1071104K
  class space    used 2804K, capacity 2966K, committed 3072K, reserved 1048576K

Card table byte_map: [0x0000000012500000,0x00000000128c0000] byte_map_base: 0x00000000120b9000

Marking Bits: (ParMarkBitMap*) 0x00000000528a4ce0
 Begin Bits: [0x0000000012f40000, 0x0000000014d08000)
 End Bits:   [0x0000000014d08000, 0x0000000016ad0000)

Polling page: 0x00000000009f0000

CodeCache: size=245760Kb used=12857Kb max_used=12948Kb free=232902Kb
 bounds [0x0000000003140000, 0x0000000003e00000, 0x0000000012140000]
 total_blobs=3972 nmethods=3565 adapters=319
 compilation: enabled

Compilation events (10 events):
Event: 15.556 Thread 0x0000000018c33000 4106       3       java.lang.String::regionMatches (91 bytes)
Event: 15.556 Thread 0x0000000018c33000 nmethod 4106 0x0000000003600b50 code [0x0000000003600cc0, 0x0000000003601070]
Event: 15.671 Thread 0x0000000018c33000 4107       1       org.apache.catalina.deploy.WebXml::getDisplayName (5 bytes)
Event: 15.671 Thread 0x0000000018c33000 nmethod 4107 0x0000000003d15b10 code [0x0000000003d15c60, 0x0000000003d15d70]
Event: 15.671 Thread 0x0000000018c33000 4108       1       org.apache.catalina.deploy.WebXml::getFilters (5 bytes)
Event: 15.671 Thread 0x0000000018c33000 nmethod 4108 0x000000000396fb10 code [0x000000000396fc60, 0x000000000396fd70]
Event: 15.671 Thread 0x0000000018c33000 4109       1       org.apache.catalina.deploy.WebXml::getServlets (5 bytes)
Event: 15.671 Thread 0x0000000018c33000 nmethod 4109 0x000000000396f810 code [0x000000000396f960, 0x000000000396fa70]
Event: 16.574 Thread 0x0000000018c33000 4114       2       org.apache.catalina.startup.ContextConfig::getSCIsForClass (82 bytes)
Event: 16.574 Thread 0x0000000018c33000 nmethod 4114 0x0000000003600210 code [0x0000000003600400, 0x0000000003600868]

GC Heap History (10 events):
Event: 8.766 GC heap after
Heap after GC invocations=7 (full 1):
 PSYoungGen      total 133120K, used 0K [0x00000000d8500000, 0x00000000e1300000, 0x0000000100000000)
  eden space 122368K, 0% used [0x00000000d8500000,0x00000000d8500000,0x00000000dfc80000)
  from space 10752K, 0% used [0x00000000e0780000,0x00000000e0780000,0x00000000e1200000)
  to   space 11264K, 0% used [0x00000000dfc80000,0x00000000dfc80000,0x00000000e0780000)
 ParOldGen       total 64512K, used 14369K [0x0000000088e00000, 0x000000008cd00000, 0x00000000d8500000)
  object space 64512K, 22% used [0x0000000088e00000,0x0000000089c08630,0x000000008cd00000)
 Metaspace       used 20652K, capacity 21150K, committed 21248K, reserved 1069056K
  class space    used 2425K, capacity 2557K, committed 2560K, reserved 1048576K
}
Event: 11.797 GC heap before
{Heap before GC invocations=8 (full 1):
 PSYoungGen      total 133120K, used 122368K [0x00000000d8500000, 0x00000000e1300000, 0x0000000100000000)
  eden space 122368K, 100% used [0x00000000d8500000,0x00000000dfc80000,0x00000000dfc80000)
  from space 10752K, 0% used [0x00000000e0780000,0x00000000e0780000,0x00000000e1200000)
  to   space 11264K, 0% used [0x00000000dfc80000,0x00000000dfc80000,0x00000000e0780000)
 ParOldGen       total 64512K, used 14369K [0x0000000088e00000, 0x000000008cd00000, 0x00000000d8500000)
  object space 64512K, 22% used [0x0000000088e00000,0x0000000089c08630,0x000000008cd00000)
 Metaspace       used 24002K, capacity 24614K, committed 24832K, reserved 1071104K
  class space    used 2800K, capacity 2964K, committed 3072K, reserved 1048576K
Event: 11.816 GC heap after
Heap after GC invocations=8 (full 1):
 PSYoungGen      total 133632K, used 11257K [0x00000000d8500000, 0x00000000e5c00000, 0x0000000100000000)
  eden space 122368K, 0% used [0x00000000d8500000,0x00000000d8500000,0x00000000dfc80000)
  from space 11264K, 99% used [0x00000000dfc80000,0x00000000e077e6f0,0x00000000e0780000)
  to   space 16384K, 0% used [0x00000000e4c00000,0x00000000e4c00000,0x00000000e5c00000)
 ParOldGen       total 64512K, used 22271K [0x0000000088e00000, 0x000000008cd00000, 0x00000000d8500000)
  object space 64512K, 34% used [0x0000000088e00000,0x000000008a3bfcc8,0x000000008cd00000)
 Metaspace       used 24002K, capacity 24614K, committed 24832K, reserved 1071104K
  class space    used 2800K, capacity 2964K, committed 3072K, reserved 1048576K
}
Event: 12.584 GC heap before
{Heap before GC invocations=9 (full 1):
 PSYoungGen      total 133632K, used 133625K [0x00000000d8500000, 0x00000000e5c00000, 0x0000000100000000)
  eden space 122368K, 100% used [0x00000000d8500000,0x00000000dfc80000,0x00000000dfc80000)
  from space 11264K, 99% used [0x00000000dfc80000,0x00000000e077e6f0,0x00000000e0780000)
  to   space 16384K, 0% used [0x00000000e4c00000,0x00000000e4c00000,0x00000000e5c00000)
 ParOldGen       total 64512K, used 22271K [0x0000000088e00000, 0x000000008cd00000, 0x00000000d8500000)
  object space 64512K, 34% used [0x0000000088e00000,0x000000008a3bfcc8,0x000000008cd00000)
 Metaspace       used 24003K, capacity 24614K, committed 24832K, reserved 1071104K
  class space    used 2800K, capacity 2964K, committed 3072K, reserved 1048576K
Event: 12.622 GC heap after
Heap after GC invocations=9 (full 1):
 PSYoungGen      total 197120K, used 16376K [0x00000000d8500000, 0x00000000e7b80000, 0x0000000100000000)
  eden space 180736K, 0% used [0x00000000d8500000,0x00000000d8500000,0x00000000e3580000)
  from space 16384K, 99% used [0x00000000e4c00000,0x00000000e5bfe1d0,0x00000000e5c00000)
  to   space 23040K, 0% used [0x00000000e3580000,0x00000000e3580000,0x00000000e4c00000)
 ParOldGen       total 64512K, used 31489K [0x0000000088e00000, 0x000000008cd00000, 0x00000000d8500000)
  object space 64512K, 48% used [0x0000000088e00000,0x000000008acc04d0,0x000000008cd00000)
 Metaspace       used 24003K, capacity 24614K, committed 24832K, reserved 1071104K
  class space    used 2800K, capacity 2964K, committed 3072K, reserved 1048576K
}
Event: 14.494 GC heap before
{Heap before GC invocations=10 (full 1):
 PSYoungGen      total 197120K, used 197112K [0x00000000d8500000, 0x00000000e7b80000, 0x0000000100000000)
  eden space 180736K, 100% used [0x00000000d8500000,0x00000000e3580000,0x00000000e3580000)
  from space 16384K, 99% used [0x00000000e4c00000,0x00000000e5bfe1d0,0x00000000e5c00000)
  to   space 23040K, 0% used [0x00000000e3580000,0x00000000e3580000,0x00000000e4c00000)
 ParOldGen       total 64512K, used 31489K [0x0000000088e00000, 0x000000008cd00000, 0x00000000d8500000)
  object space 64512K, 48% used [0x0000000088e00000,0x000000008acc04d0,0x000000008cd00000)
 Metaspace       used 24007K, capacity 24614K, committed 24832K, reserved 1071104K
  class space    used 2800K, capacity 2964K, committed 3072K, reserved 1048576K
Event: 14.760 GC heap after
Heap after GC invocations=10 (full 1):
 PSYoungGen      total 203776K, used 23039K [0x00000000d8500000, 0x00000000ecd00000, 0x0000000100000000)
  eden space 180736K, 0% used [0x00000000d8500000,0x00000000d8500000,0x00000000e3580000)
  from space 23040K, 99% used [0x00000000e3580000,0x00000000e4bffed0,0x00000000e4c00000)
  to   space 31744K, 0% used [0x00000000eae00000,0x00000000eae00000,0x00000000ecd00000)
 ParOldGen       total 64512K, used 44247K [0x0000000088e00000, 0x000000008cd00000, 0x00000000d8500000)
  object space 64512K, 68% used [0x0000000088e00000,0x000000008b935fe8,0x000000008cd00000)
 Metaspace       used 24007K, capacity 24614K, committed 24832K, reserved 1071104K
  class space    used 2800K, capacity 2964K, committed 3072K, reserved 1048576K
}
Event: 16.603 GC heap before
{Heap before GC invocations=11 (full 1):
 PSYoungGen      total 203776K, used 203775K [0x00000000d8500000, 0x00000000ecd00000, 0x0000000100000000)
  eden space 180736K, 100% used [0x00000000d8500000,0x00000000e3580000,0x00000000e3580000)
  from space 23040K, 99% used [0x00000000e3580000,0x00000000e4bffed0,0x00000000e4c00000)
  to   space 31744K, 0% used [0x00000000eae00000,0x00000000eae00000,0x00000000ecd00000)
 ParOldGen       total 64512K, used 44247K [0x0000000088e00000, 0x000000008cd00000, 0x00000000d8500000)
  object space 64512K, 68% used [0x0000000088e00000,0x000000008b935fe8,0x000000008cd00000)
 Metaspace       used 24027K, capacity 24624K, committed 24832K, reserved 1071104K
  class space    used 2804K, capacity 2966K, committed 3072K, reserved 1048576K
Event: 16.655 GC heap after
Heap after GC invocations=11 (full 1):
 PSYoungGen      total 296448K, used 31720K [0x00000000d8500000, 0x00000000eda80000, 0x0000000100000000)
  eden space 264704K, 0% used [0x00000000d8500000,0x00000000d8500000,0x00000000e8780000)
  from space 31744K, 99% used [0x00000000eae00000,0x00000000eccfa2a8,0x00000000ecd00000)
  to   space 39424K, 0% used [0x00000000e8780000,0x00000000e8780000,0x00000000eae00000)
 ParOldGen       total 64512K, used 51962K [0x0000000088e00000, 0x000000008cd00000, 0x00000000d8500000)
  object space 64512K, 80% used [0x0000000088e00000,0x000000008c0be870,0x000000008cd00000)
 Metaspace       used 24027K, capacity 24624K, committed 24832K, reserved 1071104K
  class space    used 2804K, capacity 2966K, committed 3072K, reserved 1048576K
}
Event: 16.656 GC heap before
{Heap before GC invocations=12 (full 2):
 PSYoungGen      total 296448K, used 31720K [0x00000000d8500000, 0x00000000eda80000, 0x0000000100000000)
  eden space 264704K, 0% used [0x00000000d8500000,0x00000000d8500000,0x00000000e8780000)
  from space 31744K, 99% used [0x00000000eae00000,0x00000000eccfa2a8,0x00000000ecd00000)
  to   space 39424K, 0% used [0x00000000e8780000,0x00000000e8780000,0x00000000eae00000)
 ParOldGen       total 64512K, used 51962K [0x0000000088e00000, 0x000000008cd00000, 0x00000000d8500000)
  object space 64512K, 80% used [0x0000000088e00000,0x000000008c0be870,0x000000008cd00000)
 Metaspace       used 24027K, capacity 24624K, committed 24832K, reserved 1071104K
  class space    used 2804K, capacity 2966K, committed 3072K, reserved 1048576K

Deoptimization events (10 events):
Event: 11.340 Thread 0x0000000018d55800 Uncommon trap: reason=unloaded action=reinterpret pc=0x0000000003705894 method=org.apache.tomcat.util.bcel.classfile.Constant.readConstant(Ljava/io/DataInputStream;)Lorg/apache/tomcat/util/bcel/classfile/Constant; @ 164
Event: 11.340 Thread 0x0000000018d55800 Uncommon trap: reason=unstable_if action=reinterpret pc=0x00000000036ffba0 method=org.apache.tomcat.util.bcel.classfile.ConstantPool.<init>(Ljava/io/DataInputStream;)V @ 56
Event: 11.357 Thread 0x0000000018d55800 Uncommon trap: reason=unstable_if action=reinterpret pc=0x000000000380c420 method=org.apache.tomcat.util.bcel.classfile.ConstantUtf8$1.removeEldestEntry(Ljava/util/Map$Entry;)Z @ 7
Event: 11.364 Thread 0x0000000018d55800 Uncommon trap: reason=unloaded action=reinterpret pc=0x0000000003c4af68 method=org.apache.tomcat.util.bcel.classfile.Constant.readConstant(Ljava/io/DataInputStream;)Lorg/apache/tomcat/util/bcel/classfile/Constant; @ 146
Event: 11.465 Thread 0x0000000018d55800 Uncommon trap: reason=unstable_if action=reinterpret pc=0x0000000003d50c24 method=org.codehaus.plexus.classworlds.realm.Entry.matches(Ljava/lang/String;)Z @ 209
Event: 11.469 Thread 0x0000000018d55800 Uncommon trap: reason=unloaded action=reinterpret pc=0x0000000003dac260 method=org.apache.tomcat.util.bcel.classfile.Attribute.readAttribute(Ljava/io/DataInputStream;Lorg/apache/tomcat/util/bcel/classfile/ConstantPool;)Lorg/apache/tomcat/util/bcel/classfi
Event: 11.613 Thread 0x0000000018d55800 Uncommon trap: reason=unstable_if action=reinterpret pc=0x0000000003db3604 method=java.util.HashMap.removeNode(ILjava/lang/Object;Ljava/lang/Object;ZZ)Ljava/util/HashMap$Node; @ 71
Event: 11.696 Thread 0x0000000018d55800 Uncommon trap: reason=unstable_if action=reinterpret pc=0x0000000003dbaa94 method=java.util.HashMap.removeNode(ILjava/lang/Object;Ljava/lang/Object;ZZ)Ljava/util/HashMap$Node; @ 71
Event: 11.743 Thread 0x0000000018d55800 Uncommon trap: reason=unstable_if action=reinterpret pc=0x000000000325d774 method=java.util.HashMap.removeNode(ILjava/lang/Object;Ljava/lang/Object;ZZ)Ljava/util/HashMap$Node; @ 71
Event: 16.561 Thread 0x0000000018d55800 Uncommon trap: reason=unstable_if action=reinterpret pc=0x0000000003dd5e48 method=org.apache.catalina.startup.ContextConfig.getSCIsForClass(Ljava/lang/String;)Ljava/util/Set; @ 62

Classes redefined (0 events):
No events

Internal exceptions (10 events):
Event: 3.499 Thread 0x0000000002f3e800 Implicit null exception at 0x000000000330595b to 0x0000000003305b05
Event: 3.603 Thread 0x0000000002f3e800 Implicit null exception at 0x00000000033a9256 to 0x00000000033a95f1
Event: 3.604 Thread 0x0000000002f3e800 Implicit null exception at 0x0000000003364296 to 0x000000000336462d
Event: 3.925 Thread 0x0000000002f3e800 Implicit null exception at 0x0000000003762217 to 0x0000000003763495
Event: 3.992 Thread 0x0000000002f3e800 Implicit null exception at 0x000000000350d255 to 0x000000000350d42d
Event: 3.992 Thread 0x0000000002f3e800 Implicit null exception at 0x00000000034b65af to 0x00000000034b6619
Event: 4.026 Thread 0x0000000002f3e800 Implicit null exception at 0x000000000358c698 to 0x000000000358c726
Event: 5.774 Thread 0x0000000002f3e800 Implicit null exception at 0x0000000003b45875 to 0x0000000003b469f1
Event: 7.688 Thread 0x0000000002f3e800 Exception <a 'java/io/FileNotFoundException'> (0x00000000da4e6d60) thrown at [C:\re\workspace\8-2-build-windows-amd64-cygwin\jdk8u201\12322\hotspot\src\share\vm\prims\jni.cpp, line 709]
Event: 10.618 Thread 0x0000000018d55800 Implicit null exception at 0x0000000003b7eb7c to 0x0000000003b7f0ad

Events (10 events):
Event: 16.563 loading class org/apache/tomcat/websocket/pojo/PojoEndpointClient done
Event: 16.563 loading class org/apache/tomcat/websocket/pojo/PojoEndpointClient
Event: 16.563 loading class org/apache/tomcat/websocket/pojo/PojoEndpointClient done
Event: 16.563 loading class org/apache/tomcat/websocket/pojo/PojoEndpointServer
Event: 16.563 loading class org/apache/tomcat/websocket/pojo/PojoEndpointServer done
Event: 16.563 loading class org/apache/tomcat/websocket/pojo/PojoEndpointServer
Event: 16.563 loading class org/apache/tomcat/websocket/pojo/PojoEndpointServer done
Event: 16.563 loading class org/apache/tomcat/websocket/pojo/PojoEndpointServer
Event: 16.563 loading class org/apache/tomcat/websocket/pojo/PojoEndpointServer done
Event: 16.603 Executing VM operation: ParallelGCFailedAllocation


Dynamic libraries:
0x00007ff72a1d0000 - 0x00007ff72a207000 	E:\Program Files\Java\jdk1.8.0_201\bin\java.exe
0x00007ffd3bec0000 - 0x00007ffd3c0b0000 	C:\WINDOWS\SYSTEM32\ntdll.dll
0x00007ffd3b9d0000 - 0x00007ffd3ba82000 	C:\WINDOWS\System32\KERNEL32.DLL
0x00007ffd39b90000 - 0x00007ffd39e34000 	C:\WINDOWS\System32\KERNELBASE.dll
0x00007ffd3aec0000 - 0x00007ffd3af63000 	C:\WINDOWS\System32\ADVAPI32.dll
0x00007ffd3acf0000 - 0x00007ffd3ad8e000 	C:\WINDOWS\System32\msvcrt.dll
0x00007ffd3b7f0000 - 0x00007ffd3b887000 	C:\WINDOWS\System32\sechost.dll
0x00007ffd3abd0000 - 0x00007ffd3acf0000 	C:\WINDOWS\System32\RPCRT4.dll
0x00007ffd3bbc0000 - 0x00007ffd3bd54000 	C:\WINDOWS\System32\USER32.dll
0x00007ffd39010000 - 0x00007ffd39031000 	C:\WINDOWS\System32\win32u.dll
0x00007ffd3bd60000 - 0x00007ffd3bd86000 	C:\WINDOWS\System32\GDI32.dll
0x00007ffd38e50000 - 0x00007ffd38fe5000 	C:\WINDOWS\System32\gdi32full.dll
0x00007ffd39370000 - 0x00007ffd3940e000 	C:\WINDOWS\System32\msvcp_win.dll
0x00007ffd39270000 - 0x00007ffd3936a000 	C:\WINDOWS\System32\ucrtbase.dll
0x00007ffd206e0000 - 0x00007ffd20964000 	C:\WINDOWS\WinSxS\amd64_microsoft.windows.common-controls_6595b64144ccf1df_6.0.18362.900_none_e6beb9d913147d17\COMCTL32.dll
0x00007ffd39f80000 - 0x00007ffd3a2b5000 	C:\WINDOWS\System32\combase.dll
0x00007ffd39ef0000 - 0x00007ffd39f70000 	C:\WINDOWS\System32\bcryptPrimitives.dll
0x00007ffd3b540000 - 0x00007ffd3b56e000 	C:\WINDOWS\System32\IMM32.DLL
0x0000000053c60000 - 0x0000000053d31000 	E:\Program Files\Java\jdk1.8.0_201\jre\bin\msvcr100.dll
0x0000000052080000 - 0x0000000052924000 	E:\Program Files\Java\jdk1.8.0_201\jre\bin\server\jvm.dll
0x00007ffd3b530000 - 0x00007ffd3b538000 	C:\WINDOWS\System32\PSAPI.DLL
0x00007ffd267d0000 - 0x00007ffd267d9000 	C:\WINDOWS\SYSTEM32\WSOCK32.dll
0x00007ffd35330000 - 0x00007ffd35354000 	C:\WINDOWS\SYSTEM32\WINMM.dll
0x00007ffd3ae50000 - 0x00007ffd3aebf000 	C:\WINDOWS\System32\WS2_32.dll
0x00007ffd38970000 - 0x00007ffd3897a000 	C:\WINDOWS\SYSTEM32\VERSION.dll
0x00007ffd35300000 - 0x00007ffd3532d000 	C:\WINDOWS\SYSTEM32\winmmbase.dll
0x00007ffd39220000 - 0x00007ffd3926a000 	C:\WINDOWS\System32\cfgmgr32.dll
0x00007ffd302c0000 - 0x00007ffd302cf000 	E:\Program Files\Java\jdk1.8.0_201\jre\bin\verify.dll
0x00007ffd1df40000 - 0x00007ffd1df69000 	E:\Program Files\Java\jdk1.8.0_201\jre\bin\java.dll
0x00007ffd1bf10000 - 0x00007ffd1bf33000 	E:\Program Files\Java\jdk1.8.0_201\jre\bin\instrument.dll
0x00007ffd230c0000 - 0x00007ffd230d6000 	E:\Program Files\Java\jdk1.8.0_201\jre\bin\zip.dll
0x00007ffd3a2c0000 - 0x00007ffd3a9a6000 	C:\WINDOWS\System32\SHELL32.dll
0x00007ffd3b480000 - 0x00007ffd3b529000 	C:\WINDOWS\System32\shcore.dll
0x00007ffd39410000 - 0x00007ffd39b90000 	C:\WINDOWS\System32\windows.storage.dll
0x00007ffd38dd0000 - 0x00007ffd38df3000 	C:\WINDOWS\System32\profapi.dll
0x00007ffd38e00000 - 0x00007ffd38e4a000 	C:\WINDOWS\System32\powrprof.dll
0x00007ffd38d80000 - 0x00007ffd38d90000 	C:\WINDOWS\System32\UMPDC.dll
0x00007ffd3bb60000 - 0x00007ffd3bbb2000 	C:\WINDOWS\System32\shlwapi.dll
0x00007ffd38db0000 - 0x00007ffd38dc1000 	C:\WINDOWS\System32\kernel.appcore.dll
0x00007ffd38ff0000 - 0x00007ffd39007000 	C:\WINDOWS\System32\cryptsp.dll
0x00007ffd33260000 - 0x00007ffd3327a000 	E:\JetBrains\IntelliJ IDEA 2017.3.4\bin\breakgen64.dll
0x00007ffd21c70000 - 0x00007ffd21c8a000 	E:\Program Files\Java\jdk1.8.0_201\jre\bin\net.dll
0x00007ffd2b0e0000 - 0x00007ffd2b2b6000 	C:\WINDOWS\SYSTEM32\urlmon.dll
0x00007ffd2b2e0000 - 0x00007ffd2b586000 	C:\WINDOWS\SYSTEM32\iertutil.dll
0x00007ffd38740000 - 0x00007ffd3874c000 	C:\WINDOWS\SYSTEM32\CRYPTBASE.DLL
0x00007ffd38570000 - 0x00007ffd385d7000 	C:\WINDOWS\system32\mswsock.dll
0x00007ffd380e0000 - 0x00007ffd38113000 	C:\WINDOWS\system32\rsaenh.dll
0x00007ffd391f0000 - 0x00007ffd39216000 	C:\WINDOWS\System32\bcrypt.dll
0x00007ffd38ca0000 - 0x00007ffd38cc5000 	C:\WINDOWS\SYSTEM32\USERENV.dll
0x00007ffd38280000 - 0x00007ffd382ba000 	C:\WINDOWS\SYSTEM32\IPHLPAPI.DLL
0x00007ffd39f70000 - 0x00007ffd39f78000 	C:\WINDOWS\System32\NSI.dll
0x00007ffd2d600000 - 0x00007ffd2d616000 	C:\WINDOWS\SYSTEM32\dhcpcsvc6.DLL
0x00007ffd2d5b0000 - 0x00007ffd2d5cc000 	C:\WINDOWS\SYSTEM32\dhcpcsvc.DLL
0x00007ffd382d0000 - 0x00007ffd3839b000 	C:\WINDOWS\SYSTEM32\DNSAPI.dll
0x00007ffd1dc30000 - 0x00007ffd1dc41000 	E:\Program Files\Java\jdk1.8.0_201\jre\bin\nio.dll
0x00007ffd2c510000 - 0x00007ffd2c51a000 	C:\Users\李向阳\AppData\Local\Temp\jansi-1.16-4629455713877147020.dll
0x00007ffd2c230000 - 0x00007ffd2c23a000 	C:\Users\李向阳\AppData\Local\Temp\jansi-1.16-5869413998173084213.dll
0x00007ffd27c90000 - 0x00007ffd27c9d000 	E:\Program Files\Java\jdk1.8.0_201\jre\bin\management.dll

VM Arguments:
jvm_args: -Dmaven.multiModuleProjectDirectory=E:\IdeaProjects\pinyougou-parent\pinyougou-search-service -Dfile.encoding=GBK -Dmaven.home=E:\develop\apache-maven-3.5.2 -Dclassworlds.conf=E:\develop\apache-maven-3.5.2\bin\m2.conf -javaagent:E:\JetBrains\IntelliJ IDEA 2017.3.4\lib\idea_rt.jar=44751:E:\JetBrains\IntelliJ IDEA 2017.3.4\bin 
java_command: org.codehaus.classworlds.Launcher -Didea.version=2017.3.4 -s E:\develop\apache-maven-3.5.2\conf\settings.xml -Dmaven.repo.local=E:\develop\Maven_Repository tomcat7:run
java_class_path (initial): E:\develop\apache-maven-3.5.2\boot\plexus-classworlds-2.5.2.jar;E:\JetBrains\IntelliJ IDEA 2017.3.4\lib\idea_rt.jar
Launcher Type: SUN_STANDARD

Environment Variables:
JAVA_HOME=E:\Program Files\Java\jdk1.8.0_201
CLASSPATH=.;E:\Program Files\Java\jdk1.8.0_201\lib\dt.jar;E:\Program Files\Java\jdk1.8.0_201\lib\tools.jar;
PATH=C:\Program Files (x86)\Common Files\Oracle\Java\javapath;D:\oracle11G\product\11.2.0\dbhome_1\bin;"C:\Program Files (x86)\Intel\Intel(R) Management Engine Components\iCLS\;";C:\Program Files\Intel\Intel(R) Management Engine Components\iCLS\;C:\WINDOWS\system32;C:\WINDOWS;C:\WINDOWS\System32\Wbem;C:\WINDOWS\System32\WindowsPowerShell\v1.0\;C:\WINDOWS\System32\OpenSSH\;C:\Program Files (x86)\Intel\Intel(R) Management Engine Components\DAL;C:\Program Files\Intel\Intel(R) Management Engine Components\DAL;C:\Program Files (x86)\Intel\Intel(R) Management Engine Components\IPT;C:\Program Files\Intel\Intel(R) Management Engine Components\IPT;E:\Program Files\Java\jdk1.8.0_201\bin;E:\Program Files\Java\jdk1.8.0_201\jre\bin;E:\develop\apache-maven-3.5.2\bin;E:\mysql 5.5\bin;G:\hadoop-2.6.0-cdh5.14.0\bin;E:\develop\scala-2.11.8\bin;C:\Program Files\Microsoft\Web Platform Installer\;C:\Program Files (x86)\Microsoft ASP.NET\ASP.NET Web Pages\v1.0\;C:\Program Files (x86)\Windows Kits\8.0\Windows Performance Toolkit\;C:\Program Files\Microsoft SQL Server\110\Tools\Binn\;E:\Program Files\VisualSVN Server\bin;C:\Program Files\TortoiseSVN\bin;E:\Program Files\Git\cmd;E:\Git\cmd;C:\Program Files (x86)\Microsoft SQL Server\100\Tools\Binn\;C:\Program Files\Microsoft SQL Server\100\Tools\Binn\;C:\Program Files\Microsoft SQL Server\100\DTS\Binn\;C:\Program Files (x86)\Microsoft SQL Server\100\Tools\Binn\VSShell\Common7\IDE\;C:\Program Files (x86)\Microsoft SQL Server\100\DTS\Binn\;C:\Program Files (x86)\Microsoft Visual Studio 9.0\Common7\IDE\PrivateAssemblies\;E:\develop\node.js\;E:\develop\elasticsearch-6.4.3\bin;C:\Users\李向阳\AppData\Local\Microsoft\WindowsApps;E:\Program Files\Java\jdk1.8.0_201\bin;C:\Users\李向阳\AppData\Local\Microsoft\WindowsApps;E:\develop\redis-64.3.0.503;E:\develop\node.js\node_global;%M2_HOME%\bin;E:\develop\apache-maven-3.5.2\bin;
USERNAME=李向阳
OS=Windows_NT
PROCESSOR_IDENTIFIER=Intel64 Family 6 Model 142 Stepping 9, GenuineIntel



---------------  S Y S T E M  ---------------

OS: Windows 10.0 , 64 bit Build 18362 (10.0.18362.900)

CPU:total 4 (initial active 4) (2 cores per cpu, 2 threads per core) family 6 model 142 stepping 9, cmov, cx8, fxsr, mmx, sse, sse2, sse3, ssse3, sse4.1, sse4.2, popcnt, avx, avx2, aes, clmul, erms, 3dnowpref, lzcnt, ht, tsc, tscinvbit, bmi1, bmi2, adx

Memory: 4k page, physical 7800256k(442004k free), swap 23266108k(48336k free)

vm_info: Java HotSpot(TM) 64-Bit Server VM (25.201-b09) for windows-amd64 JRE (1.8.0_201-b09), built on Dec 15 2018 18:36:39 by "java_re" with MS VC++ 10.0 (VS2010)

time: Thu Oct 22 17:39:52 2020
timezone: 中国标准时间
elapsed time: 17 seconds (0d 0h 0m 17s)

